d:\uni(2020-2021)\primer cuatri\programacion avanzada\pa_entrega_v2.0\pa_entrega_v2.0\pagameengine_f_20121801\pagameengine\x64\debug\vc142.pdb
d:\uni(2020-2021)\primer cuatri\programacion avanzada\pa_entrega_v2.0\pa_entrega_v2.0\pagameengine_f_20121801\pagameengine\x64\debug\vc142.idb
d:\uni(2020-2021)\primer cuatri\programacion avanzada\pa_entrega_v2.0\pa_entrega_v2.0\pagameengine_f_20121801\pagameengine\x64\debug\teapot.obj
d:\uni(2020-2021)\primer cuatri\programacion avanzada\pa_entrega_v2.0\pa_entrega_v2.0\pagameengine_f_20121801\pagameengine\x64\debug\sphere.obj
d:\uni(2020-2021)\primer cuatri\programacion avanzada\pa_entrega_v2.0\pa_entrega_v2.0\pagameengine_f_20121801\pagameengine\x64\debug\solid.obj
d:\uni(2020-2021)\primer cuatri\programacion avanzada\pa_entrega_v2.0\pa_entrega_v2.0\pagameengine_f_20121801\pagameengine\x64\debug\scene.obj
d:\uni(2020-2021)\primer cuatri\programacion avanzada\pa_entrega_v2.0\pa_entrega_v2.0\pagameengine_f_20121801\pagameengine\x64\debug\proyectil.obj
d:\uni(2020-2021)\primer cuatri\programacion avanzada\pa_entrega_v2.0\pa_entrega_v2.0\pagameengine_f_20121801\pagameengine\x64\debug\player.obj
d:\uni(2020-2021)\primer cuatri\programacion avanzada\pa_entrega_v2.0\pa_entrega_v2.0\pagameengine_f_20121801\pagameengine\x64\debug\enginejson.obj
d:\uni(2020-2021)\primer cuatri\programacion avanzada\pa_entrega_v2.0\pa_entrega_v2.0\pagameengine_f_20121801\pagameengine\x64\debug\model_mesh_triangles.obj
d:\uni(2020-2021)\primer cuatri\programacion avanzada\pa_entrega_v2.0\pa_entrega_v2.0\pagameengine_f_20121801\pagameengine\x64\debug\loader_obj.obj
d:\uni(2020-2021)\primer cuatri\programacion avanzada\pa_entrega_v2.0\pa_entrega_v2.0\pagameengine_f_20121801\pagameengine\x64\debug\light.obj
d:\uni(2020-2021)\primer cuatri\programacion avanzada\pa_entrega_v2.0\pa_entrega_v2.0\pagameengine_f_20121801\pagameengine\x64\debug\game.obj
d:\uni(2020-2021)\primer cuatri\programacion avanzada\pa_entrega_v2.0\pa_entrega_v2.0\pagameengine_f_20121801\pagameengine\x64\debug\enemy.obj
d:\uni(2020-2021)\primer cuatri\programacion avanzada\pa_entrega_v2.0\pa_entrega_v2.0\pagameengine_f_20121801\pagameengine\x64\debug\cylinder.obj
d:\uni(2020-2021)\primer cuatri\programacion avanzada\pa_entrega_v2.0\pa_entrega_v2.0\pagameengine_f_20121801\pagameengine\x64\debug\cuboid.obj
d:\uni(2020-2021)\primer cuatri\programacion avanzada\pa_entrega_v2.0\pa_entrega_v2.0\pagameengine_f_20121801\pagameengine\x64\debug\cube.obj
d:\uni(2020-2021)\primer cuatri\programacion avanzada\pa_entrega_v2.0\pa_entrega_v2.0\pagameengine_f_20121801\pagameengine\x64\debug\composite.obj
d:\uni(2020-2021)\primer cuatri\programacion avanzada\pa_entrega_v2.0\pa_entrega_v2.0\pagameengine_f_20121801\pagameengine\x64\debug\character.obj
d:\uni(2020-2021)\primer cuatri\programacion avanzada\pa_entrega_v2.0\pa_entrega_v2.0\pagameengine_f_20121801\pagameengine\x64\debug\camera_fps.obj
d:\uni(2020-2021)\primer cuatri\programacion avanzada\pa_entrega_v2.0\pa_entrega_v2.0\pagameengine_f_20121801\pagameengine\x64\debug\camerafly.obj
d:\uni(2020-2021)\primer cuatri\programacion avanzada\pa_entrega_v2.0\pa_entrega_v2.0\pagameengine_f_20121801\pagameengine\x64\debug\camera.obj
d:\uni(2020-2021)\primer cuatri\programacion avanzada\pa_entrega_v2.0\pa_entrega_v2.0\pagameengine_f_20121801\pagameengine\x64\debug\triangle.obj
d:\uni(2020-2021)\primer cuatri\programacion avanzada\pa_entrega_v2.0\pa_entrega_v2.0\pagameengine_f_20121801\pagameengine\x64\debug\boton.obj
d:\uni(2020-2021)\primer cuatri\programacion avanzada\pa_entrega_v2.0\pa_entrega_v2.0\pagameengine_f_20121801\x64\debug\pa_engine_json.exe
d:\uni(2020-2021)\primer cuatri\programacion avanzada\pa_entrega_v2.0\pa_entrega_v2.0\pagameengine_f_20121801\x64\debug\pa_engine_json.ilk
d:\uni(2020-2021)\primer cuatri\programacion avanzada\pa_entrega_v2.0\pa_entrega_v2.0\pagameengine_f_20121801\x64\debug\pa_engine_json.pdb
d:\uni(2020-2021)\primer cuatri\programacion avanzada\pa_entrega_v2.0\pa_entrega_v2.0\pagameengine_f_20121801\pagameengine\x64\debug\personaje.obj
d:\uni(2020-2021)\primer cuatri\programacion avanzada\pa_entrega_v2.0\pa_entrega_v2.0\pagameengine_f_20121801\pagameengine\x64\debug\text.obj
d:\uni(2020-2021)\primer cuatri\programacion avanzada\pa_entrega_v2.0\pa_entrega_v2.0\pagameengine_f_20121801\pagameengine\x64\debug\game.obj.enc
d:\uni(2020-2021)\primer cuatri\programacion avanzada\pa_entrega_v2.0\pa_entrega_v2.0\pagameengine_f_20121801\pagameengine\x64\debug\proyectil.obj.enc
d:\uni(2020-2021)\primer cuatri\programacion avanzada\pa_entrega_v2.0\pa_entrega_v2.0\pagameengine_f_20121801\pagameengine\x64\debug\pa_engine_json.tlog\cl.command.1.tlog
d:\uni(2020-2021)\primer cuatri\programacion avanzada\pa_entrega_v2.0\pa_entrega_v2.0\pagameengine_f_20121801\pagameengine\x64\debug\pa_engine_json.tlog\cl.read.1.tlog
d:\uni(2020-2021)\primer cuatri\programacion avanzada\pa_entrega_v2.0\pa_entrega_v2.0\pagameengine_f_20121801\pagameengine\x64\debug\pa_engine_json.tlog\cl.write.1.tlog
d:\uni(2020-2021)\primer cuatri\programacion avanzada\pa_entrega_v2.0\pa_entrega_v2.0\pagameengine_f_20121801\pagameengine\x64\debug\pa_engine_json.tlog\link.command.1.tlog
d:\uni(2020-2021)\primer cuatri\programacion avanzada\pa_entrega_v2.0\pa_entrega_v2.0\pagameengine_f_20121801\pagameengine\x64\debug\pa_engine_json.tlog\link.read.1.tlog
d:\uni(2020-2021)\primer cuatri\programacion avanzada\pa_entrega_v2.0\pa_entrega_v2.0\pagameengine_f_20121801\pagameengine\x64\debug\pa_engine_json.tlog\link.write.1.tlog
